Symbol range map extraction starting
Processing 7 files
startProcessing "lordician\tinkersFantasy\ModInfo.java" md5: 9523f0496be9232b4fd96051e23aba66
Cache Hit!
endProcessing "lordician\tinkersFantasy\ModInfo.java"

startProcessing "lordician\tinkersFantasy\TinkersFantasy.java" md5: 8fdc2748c1406a1129ba5ab82bd19a97
Cache Hit!
endProcessing "lordician\tinkersFantasy\TinkersFantasy.java"

startProcessing "lordician\tinkersFantasy\common\ClientProxy.java" md5: d4f23a48e68992274bad1f8119f61bad
Cache Hit!
endProcessing "lordician\tinkersFantasy\common\ClientProxy.java"

startProcessing "lordician\tinkersFantasy\common\CommonProxy.java" md5: 9da7de98296a7b06c8362c67a5dc3890
Cache Hit!
endProcessing "lordician\tinkersFantasy\common\CommonProxy.java"

startProcessing "lordician\tinkersFantasy\common\item\ItemBaseMagicTools.java" md5: 4cb9cccab6b0a38c7727034cb5ed1f13
Cache Hit!
endProcessing "lordician\tinkersFantasy\common\item\ItemBaseMagicTools.java"

startProcessing "lordician\tinkersFantasy\common\item\ItemMagicWand.java" md5: 2ffc17a9d6a810b9e857be904c43d438
Cache Hit!
endProcessing "lordician\tinkersFantasy\common\item\ItemMagicWand.java"

startProcessing "lordician\tinkersFantasy\common\item\ItemModelProvider.java" md5: 6979f9cd9ebcb2c8fa21ae942281bcaf
Cache Hit!
endProcessing "lordician\tinkersFantasy\common\item\ItemModelProvider.java"

